Using pre-set license

 COMMAND LINE ARGUMENTS:
/Applications/Unity/Hub/Editor/2020.2.4f1/Unity.app/Contents/MacOS/Unity
-adb2
-batchMode
-noUpm
-name
AssetImportWorker0
-projectPath
/Users/Dani/Desktop/UPF 3ยบ/Interactive systems/P1/P1 Daniel Nieto_218161
-logFile
Logs/AssetImportWorker0.log
-srvPort
52495
Successfully changed project path to: /Users/Dani/Desktop/UPF 3ยบ/Interactive systems/P1/P1 Daniel Nieto_218161
/Users/Dani/Desktop/UPF 3ยบ/Interactive systems/P1/P1 Daniel Nieto_218161
Using Asset Import Pipeline V2.
Refreshing native plugins compatible for Editor in 58.71 ms, found 1 plugins.
Preloading 0 native plugins for Editor in 0.00 ms.
Initialize engine version: 2020.2.4f1 (becced5a802b)
[Subsystems] Discovering subsystems at path /Applications/Unity/Hub/Editor/2020.2.4f1/Unity.app/Contents/Resources/UnitySubsystems
[Subsystems] Discovering subsystems at path /Users/Dani/Desktop/UPF 3ยบ/Interactive systems/P1/P1 Daniel Nieto_218161/Assets
GfxDevice: creating device client; threaded=0
2021-04-28 12:53:50.320 Unity[2820:75666] Color LCD preferred device: AMD Radeon R9 M370X (high power)
2021-04-28 12:53:50.320 Unity[2820:75666] Metal devices available: 2
2021-04-28 12:53:50.320 Unity[2820:75666] 0: AMD Radeon R9 M370X (high power)
2021-04-28 12:53:50.320 Unity[2820:75666] 1: Intel Iris Pro Graphics (low power)
2021-04-28 12:53:50.321 Unity[2820:75666] Using device AMD Radeon R9 M370X (high power)
Initializing Metal device caps: AMD Radeon R9 M370X
Shader 'Universal Render Pipeline/Particles/Lit': fallback shader 'Universal Render Pipeline/Particles/SimpleLit' not found
Initialize mono
Mono path[0] = '/Applications/Unity/Hub/Editor/2020.2.4f1/Unity.app/Contents/Managed'
Mono path[1] = '/Applications/Unity/Hub/Editor/2020.2.4f1/Unity.app/Contents/MonoBleedingEdge/lib/mono/unityjit'
Mono config path = '/Applications/Unity/Hub/Editor/2020.2.4f1/Unity.app/Contents/MonoBleedingEdge/etc'
Using monoOptions --debugger-agent=transport=dt_socket,embedding=1,server=y,suspend=n,address=127.0.0.1:56820
Begin MonoManager ReloadAssembly
Registering precompiled unity dll's ...
Register platform support module: /Applications/Unity/Hub/Editor/2020.2.4f1/Unity.app/Contents/PlaybackEngines/MacStandaloneSupport/UnityEditor.OSXStandalone.Extensions.dll
Registered in 0.000553 seconds.
Native extension for OSXStandalone target not found
Refreshing native plugins compatible for Editor in 56.32 ms, found 1 plugins.
Preloading 0 native plugins for Editor in 0.00 ms.
Invoked RoslynAnalysisRunner static constructor.
RoslynAnalysisRunner will not be running.
RoslynAnalysisRunner has terminated.
Mono: successfully reloaded assembly
- Completed reload, in  2.027 seconds
Platform modules already initialized, skipping
Registering precompiled user dll's ...
Registered in 0.003817 seconds.
Begin MonoManager ReloadAssembly
Native extension for OSXStandalone target not found
Refreshing native plugins compatible for Editor in 60.70 ms, found 1 plugins.
Preloading 0 native plugins for Editor in 0.00 ms.
Invoked RoslynAnalysisRunner static constructor.
RoslynAnalysisRunner will not be running.
RoslynAnalysisRunner has terminated.
Mono: successfully reloaded assembly
- Completed reload, in  1.343 seconds
Platform modules already initialized, skipping
========================================================================
Worker process is ready to serve import requests
Shader 'Universal Render Pipeline/Particles/Lit': fallback shader 'Universal Render Pipeline/Particles/SimpleLit' not found
Launching external process: /Applications/Unity/Hub/Editor/2020.2.4f1/Unity.app/Contents/Tools/UnityShaderCompiler
Launched and connected shader compiler UnityShaderCompiler after 0.01 seconds
Refreshing native plugins compatible for Editor in 0.52 ms, found 1 plugins.
Preloading 0 native plugins for Editor in 0.00 ms.
Unloading 2720 Unused Serialized files (Serialized files now loaded: 0)
System memory in use before: 201.2 MB.
System memory in use after: 201.4 MB.

Unloading 12 unused Assets to reduce memory usage. Loaded Objects now: 3179.
Total: 4.344796 ms (FindLiveObjects: 0.528691 ms CreateObjectMapping: 0.234173 ms MarkObjects: 3.480158 ms  DeleteObjects: 0.099958 ms)

========================================================================
Received Import Request.
  path: Assets/PreFabs/PickUp.prefab
  artifactKey: Guid(b7ce0113fb17643869023906b223a21d) Importer(815301076,1909f56bfc062723c751e8b465ee728b)
Start importing Assets/PreFabs/PickUp.prefab using Guid(b7ce0113fb17643869023906b223a21d) Importer(815301076,1909f56bfc062723c751e8b465ee728b)  -> (artifact id: '9dddd937cb9c42d919fca8ef9b01e86c') in 0.485917 seconds
  Import took 0.493643 seconds .

========================================================================
Received Import Request.
  Time since last request: 2.999108 seconds.
  path: Assets/PreFabs/PickUp.prefab
  artifactKey: Guid(b7ce0113fb17643869023906b223a21d) Importer(815301076,1909f56bfc062723c751e8b465ee728b)
Start importing Assets/PreFabs/PickUp.prefab using Guid(b7ce0113fb17643869023906b223a21d) Importer(815301076,1909f56bfc062723c751e8b465ee728b)  -> (artifact id: '93ae47d91dce0a9e09fda00328b6e59d') in 0.018840 seconds
  Import took 0.026008 seconds .

========================================================================
Received Import Request.
  Time since last request: 9.885038 seconds.
  path: Assets/PreFabs/PickUp.prefab
  artifactKey: Guid(b7ce0113fb17643869023906b223a21d) Importer(815301076,1909f56bfc062723c751e8b465ee728b)
Start importing Assets/PreFabs/PickUp.prefab using Guid(b7ce0113fb17643869023906b223a21d) Importer(815301076,1909f56bfc062723c751e8b465ee728b)  -> (artifact id: 'be461f2d71ec2ab9a7d292335a78c3de') in 0.035171 seconds
  Import took 0.041745 seconds .

========================================================================
Received Import Request.
  Time since last request: 89.053663 seconds.
  path: Assets/Textures/Coin_texture.png
  artifactKey: Guid(722d5cf3a84b84692867df32433872b7) Importer(815301076,1909f56bfc062723c751e8b465ee728b)
Start importing Assets/Textures/Coin_texture.png using Guid(722d5cf3a84b84692867df32433872b7) Importer(815301076,1909f56bfc062723c751e8b465ee728b)  -> (artifact id: '008ea6497d1cdc8264ab30e908204d97') in 0.276237 seconds
  Import took 0.283115 seconds .

========================================================================
Received Import Request.
  Time since last request: 265.133755 seconds.
  path: Assets/Materials/PickUp.mat
  artifactKey: Guid(2c9a53d6db7934814bfa9cdf82a2c581) Importer(815301076,1909f56bfc062723c751e8b465ee728b)
Start importing Assets/Materials/PickUp.mat using Guid(2c9a53d6db7934814bfa9cdf82a2c581) Importer(815301076,1909f56bfc062723c751e8b465ee728b)  -> (artifact id: 'cec566ad2097d7de2d57d85e435005c3') in 0.308898 seconds
  Import took 0.315819 seconds .

========================================================================
Received Import Request.
  Time since last request: 49.506380 seconds.
  path: Assets/Scripts/PlayerController.cs
  artifactKey: Guid(b16d815f5a3444ab4a73a875aeceb4c0) Importer(815301076,1909f56bfc062723c751e8b465ee728b)
Start importing Assets/Scripts/PlayerController.cs using Guid(b16d815f5a3444ab4a73a875aeceb4c0) Importer(815301076,1909f56bfc062723c751e8b465ee728b)  -> (artifact id: '9bc8d6e3647c059ec9a1bee5dcc8aff1') in 0.376970 seconds
  Import took 0.384211 seconds .

========================================================================
Received Prepare
Registering precompiled user dll's ...
Registered in 0.002182 seconds.
Begin MonoManager ReloadAssembly
Native extension for OSXStandalone target not found
Refreshing native plugins compatible for Editor in 0.50 ms, found 1 plugins.
Preloading 0 native plugins for Editor in 0.00 ms.
Invoked RoslynAnalysisRunner static constructor.
RoslynAnalysisRunner will not be running.
RoslynAnalysisRunner has terminated.
Mono: successfully reloaded assembly
- Completed reload, in  1.253 seconds
Platform modules already initialized, skipping
Shader 'Universal Render Pipeline/Particles/Lit': fallback shader 'Universal Render Pipeline/Particles/SimpleLit' not found
Refreshing native plugins compatible for Editor in 0.55 ms, found 1 plugins.
Preloading 0 native plugins for Editor in 0.00 ms.
Unloading 2598 Unused Serialized files (Serialized files now loaded: 0)
System memory in use before: 218.3 MB.
System memory in use after: 218.6 MB.

Unloading 5 unused Assets to reduce memory usage. Loaded Objects now: 3262.
Total: 2.682492 ms (FindLiveObjects: 0.327691 ms CreateObjectMapping: 0.123979 ms MarkObjects: 2.214285 ms  DeleteObjects: 0.015573 ms)

========================================================================
Received Import Request.
  Time since last request: 38.278421 seconds.
  path: Assets/Scripts/PlayerController.cs
  artifactKey: Guid(b16d815f5a3444ab4a73a875aeceb4c0) Importer(815301076,1909f56bfc062723c751e8b465ee728b)
Start importing Assets/Scripts/PlayerController.cs using Guid(b16d815f5a3444ab4a73a875aeceb4c0) Importer(815301076,1909f56bfc062723c751e8b465ee728b)  -> (artifact id: '797ae93a19ac0459202fd7f08efbf907') in 0.007107 seconds
  Import took 0.012255 seconds .

========================================================================
Received Import Request.
  Time since last request: 1.531588 seconds.
  path: Assets/Scripts/PlayerController.cs
  artifactKey: Guid(b16d815f5a3444ab4a73a875aeceb4c0) Importer(815301076,1909f56bfc062723c751e8b465ee728b)
Start importing Assets/Scripts/PlayerController.cs using Guid(b16d815f5a3444ab4a73a875aeceb4c0) Importer(815301076,1909f56bfc062723c751e8b465ee728b)  -> (artifact id: '797ae93a19ac0459202fd7f08efbf907') in 0.003393 seconds
  Import took 0.008985 seconds .

========================================================================
Received Prepare
Registering precompiled user dll's ...
Registered in 0.002340 seconds.
Begin MonoManager ReloadAssembly
Native extension for OSXStandalone target not found
Refreshing native plugins compatible for Editor in 0.53 ms, found 1 plugins.
Preloading 0 native plugins for Editor in 0.00 ms.
Invoked RoslynAnalysisRunner static constructor.
RoslynAnalysisRunner will not be running.
RoslynAnalysisRunner has terminated.
Mono: successfully reloaded assembly
- Completed reload, in  1.153 seconds
Platform modules already initialized, skipping
Shader 'Universal Render Pipeline/Particles/Lit': fallback shader 'Universal Render Pipeline/Particles/SimpleLit' not found
Refreshing native plugins compatible for Editor in 0.54 ms, found 1 plugins.
Preloading 0 native plugins for Editor in 0.00 ms.
Unloading 2598 Unused Serialized files (Serialized files now loaded: 0)
System memory in use before: 218.6 MB.
System memory in use after: 218.9 MB.

Unloading 5 unused Assets to reduce memory usage. Loaded Objects now: 3264.
Total: 3.780789 ms (FindLiveObjects: 0.524249 ms CreateObjectMapping: 0.216071 ms MarkObjects: 3.020004 ms  DeleteObjects: 0.018531 ms)

========================================================================
Received Prepare
Shader 'Universal Render Pipeline/Particles/Lit': fallback shader 'Universal Render Pipeline/Particles/SimpleLit' not found
Refreshing native plugins compatible for Editor in 1.02 ms, found 1 plugins.
Preloading 0 native plugins for Editor in 0.00 ms.
Unloading 3 Unused Serialized files (Serialized files now loaded: 0)
System memory in use before: 167.6 MB.
System memory in use after: 167.8 MB.

Unloading 3 unused Assets to reduce memory usage. Loaded Objects now: 3264.
Total: 2.759229 ms (FindLiveObjects: 0.343113 ms CreateObjectMapping: 0.120764 ms MarkObjects: 2.278674 ms  DeleteObjects: 0.015638 ms)

